<?xml version="1.0" encoding="UTF-8"?>
<coverage generated="1553170539289" clover="3.2.0">
  <project timestamp="1553170539289" name="All files">
    <metrics statements="18" coveredstatements="18" conditionals="0" coveredconditionals="0" methods="7" coveredmethods="7" elements="25" coveredelements="25" complexity="0" loc="18" ncloc="18" packages="1" files="4" classes="4"/>
    <file name="criarReceita.js" path="C:\Users\lucas.viana\Desktop\JavaScript Workspace\Receitas\src\criarReceita.js">
      <metrics statements="2" coveredstatements="2" conditionals="0" coveredconditionals="0" methods="1" coveredmethods="1"/>
      <line num="1" count="1" type="stmt"/>
      <line num="2" count="5" type="stmt"/>
    </file>
    <file name="pesquisarReceitas.js" path="C:\Users\lucas.viana\Desktop\JavaScript Workspace\Receitas\src\pesquisarReceitas.js">
      <metrics statements="5" coveredstatements="5" conditionals="0" coveredconditionals="0" methods="3" coveredmethods="3"/>
      <line num="5" count="1" type="stmt"/>
      <line num="7" count="1" type="stmt"/>
      <line num="8" count="1" type="stmt"/>
      <line num="9" count="7" type="stmt"/>
      <line num="11" count="1" type="stmt"/>
    </file>
    <file name="receitasProntas.js" path="C:\Users\lucas.viana\Desktop\JavaScript Workspace\Receitas\src\receitasProntas.js">
      <metrics statements="1" coveredstatements="1" conditionals="0" coveredconditionals="0" methods="0" coveredmethods="0"/>
      <line num="3" count="1" type="stmt"/>
    </file>
    <file name="toString.js" path="C:\Users\lucas.viana\Desktop\JavaScript Workspace\Receitas\src\toString.js">
      <metrics statements="10" coveredstatements="10" conditionals="0" coveredconditionals="0" methods="3" coveredmethods="3"/>
      <line num="3" count="1" type="stmt"/>
      <line num="4" count="1" type="stmt"/>
      <line num="5" count="1" type="stmt"/>
      <line num="7" count="1" type="stmt"/>
      <line num="9" count="1" type="stmt"/>
      <line num="10" count="1" type="stmt"/>
      <line num="11" count="1" type="stmt"/>
      <line num="12" count="2" type="stmt"/>
      <line num="13" count="1" type="stmt"/>
      <line num="21" count="1" type="stmt"/>
    </file>
  </project>
</coverage>
