<?xml version="1.0" encoding="UTF-8"?>
<coverage generated="1552928631018" clover="3.2.0">
  <project timestamp="1552928631019" name="All files">
    <metrics statements="34" coveredstatements="17" conditionals="2" coveredconditionals="0" methods="13" coveredmethods="7" elements="49" coveredelements="24" complexity="0" loc="34" ncloc="34" packages="1" files="4" classes="4"/>
    <file name="criarReceita.js" path="C:\Users\lucas.viana\Desktop\JavaScript Workspace\Receitas\src\criarReceita.js">
      <metrics statements="2" coveredstatements="2" conditionals="0" coveredconditionals="0" methods="1" coveredmethods="1"/>
      <line num="1" count="1" type="stmt"/>
      <line num="2" count="5" type="stmt"/>
    </file>
    <file name="front.js" path="C:\Users\lucas.viana\Desktop\JavaScript Workspace\Receitas\src\front.js">
      <metrics statements="26" coveredstatements="9" conditionals="2" coveredconditionals="0" methods="9" coveredmethods="3"/>
      <line num="3" count="1" type="stmt"/>
      <line num="4" count="1" type="stmt"/>
      <line num="5" count="1" type="stmt"/>
      <line num="6" count="1" type="stmt"/>
      <line num="7" count="1" type="stmt"/>
      <line num="8" count="1" type="stmt"/>
      <line num="9" count="2" type="stmt"/>
      <line num="10" count="1" type="stmt"/>
      <line num="18" count="1" type="stmt"/>
      <line num="22" count="0" type="stmt"/>
      <line num="23" count="0" type="stmt"/>
      <line num="24" count="0" type="stmt"/>
      <line num="25" count="0" type="stmt"/>
      <line num="26" count="0" type="cond" truecount="0" falsecount="2"/>
      <line num="27" count="0" type="stmt"/>
      <line num="30" count="0" type="stmt"/>
      <line num="34" count="0" type="stmt"/>
      <line num="38" count="0" type="stmt"/>
      <line num="42" count="0" type="stmt"/>
      <line num="43" count="0" type="stmt"/>
      <line num="44" count="0" type="stmt"/>
      <line num="45" count="0" type="stmt"/>
      <line num="46" count="0" type="stmt"/>
      <line num="50" count="0" type="stmt"/>
      <line num="51" count="0" type="stmt"/>
      <line num="52" count="0" type="stmt"/>
    </file>
    <file name="pesquisarReceitas.js" path="C:\Users\lucas.viana\Desktop\JavaScript Workspace\Receitas\src\pesquisarReceitas.js">
      <metrics statements="5" coveredstatements="5" conditionals="0" coveredconditionals="0" methods="3" coveredmethods="3"/>
      <line num="5" count="1" type="stmt"/>
      <line num="7" count="1" type="stmt"/>
      <line num="8" count="1" type="stmt"/>
      <line num="9" count="7" type="stmt"/>
      <line num="11" count="1" type="stmt"/>
    </file>
    <file name="receitasProntas.js" path="C:\Users\lucas.viana\Desktop\JavaScript Workspace\Receitas\src\receitasProntas.js">
      <metrics statements="1" coveredstatements="1" conditionals="0" coveredconditionals="0" methods="0" coveredmethods="0"/>
      <line num="3" count="1" type="stmt"/>
    </file>
  </project>
</coverage>
