{"C:\\Users\\lucas.viana\\Desktop\\JavaScript Workspace\\Receitas\\src\\criarReceita.js": {"path":"C:\\Users\\lucas.viana\\Desktop\\JavaScript Workspace\\Receitas\\src\\criarReceita.js","statementMap":{"0":{"start":{"line":1,"column":26},"end":{"line":8,"column":1}},"1":{"start":{"line":2,"column":4},"end":{"line":7,"column":5}}},"fnMap":{"0":{"name":"(anonymous_0)","decl":{"start":{"line":1,"column":26},"end":{"line":1,"column":27}},"loc":{"start":{"line":1,"column":76},"end":{"line":8,"column":1}},"line":1}},"branchMap":{},"s":{"0":1,"1":5},"f":{"0":5},"b":{},"_coverageSchema":"43e27e138ebf9cfc5966b082cf9a028302ed4184","hash":"7c83f6c38253860d58f0adb7f764fa0be1025c65"}
,"C:\\Users\\lucas.viana\\Desktop\\JavaScript Workspace\\Receitas\\src\\pesquisarReceitas.js": {"path":"C:\\Users\\lucas.viana\\Desktop\\JavaScript Workspace\\Receitas\\src\\pesquisarReceitas.js","statementMap":{"0":{"start":{"line":5,"column":15},"end":{"line":5,"column":17}},"1":{"start":{"line":7,"column":36},"end":{"line":12,"column":1}},"2":{"start":{"line":8,"column":4},"end":{"line":10,"column":7}},"3":{"start":{"line":9,"column":8},"end":{"line":9,"column":83}},"4":{"start":{"line":9,"column":46},"end":{"line":9,"column":81}},"5":{"start":{"line":11,"column":4},"end":{"line":11,"column":20}}},"fnMap":{"0":{"name":"(anonymous_0)","decl":{"start":{"line":7,"column":36},"end":{"line":7,"column":37}},"loc":{"start":{"line":7,"column":64},"end":{"line":12,"column":1}},"line":7},"1":{"name":"(anonymous_1)","decl":{"start":{"line":8,"column":38},"end":{"line":8,"column":39}},"loc":{"start":{"line":8,"column":49},"end":{"line":10,"column":5}},"line":8},"2":{"name":"(anonymous_2)","decl":{"start":{"line":9,"column":38},"end":{"line":9,"column":39}},"loc":{"start":{"line":9,"column":46},"end":{"line":9,"column":81}},"line":9}},"branchMap":{},"s":{"0":1,"1":1,"2":1,"3":5,"4":7,"5":1},"f":{"0":1,"1":5,"2":7},"b":{},"_coverageSchema":"43e27e138ebf9cfc5966b082cf9a028302ed4184","hash":"4f75dba5c286be1dff38f7f8a2fcfe877b3b3343"}
,"C:\\Users\\lucas.viana\\Desktop\\JavaScript Workspace\\Receitas\\src\\receitasProntas.js": {"path":"C:\\Users\\lucas.viana\\Desktop\\JavaScript Workspace\\Receitas\\src\\receitasProntas.js","statementMap":{"0":{"start":{"line":3,"column":29},"end":{"line":7,"column":114}}},"fnMap":{},"branchMap":{},"s":{"0":1},"f":{},"b":{},"_coverageSchema":"43e27e138ebf9cfc5966b082cf9a028302ed4184","hash":"a8f01966621e6b1103945c350853e7503790440f"}
,"C:\\Users\\lucas.viana\\Desktop\\JavaScript Workspace\\Receitas\\src\\toString.js": {"path":"C:\\Users\\lucas.viana\\Desktop\\JavaScript Workspace\\Receitas\\src\\toString.js","statementMap":{"0":{"start":{"line":3,"column":27},"end":{"line":22,"column":9}},"1":{"start":{"line":4,"column":24},"end":{"line":4,"column":26}},"2":{"start":{"line":5,"column":30},"end":{"line":5,"column":32}},"3":{"start":{"line":7,"column":28},"end":{"line":7,"column":63}},"4":{"start":{"line":9,"column":4},"end":{"line":19,"column":14}},"5":{"start":{"line":10,"column":8},"end":{"line":10,"column":33}},"6":{"start":{"line":11,"column":8},"end":{"line":12,"column":66}},"7":{"start":{"line":12,"column":12},"end":{"line":12,"column":62}},"8":{"start":{"line":13,"column":8},"end":{"line":18,"column":22}},"9":{"start":{"line":21,"column":12},"end":{"line":21,"column":33}}},"fnMap":{"0":{"name":"(anonymous_0)","decl":{"start":{"line":3,"column":27},"end":{"line":3,"column":28}},"loc":{"start":{"line":3,"column":50},"end":{"line":22,"column":9}},"line":3},"1":{"name":"(anonymous_1)","decl":{"start":{"line":9,"column":28},"end":{"line":9,"column":29}},"loc":{"start":{"line":9,"column":39},"end":{"line":19,"column":13}},"line":9},"2":{"name":"(anonymous_2)","decl":{"start":{"line":11,"column":37},"end":{"line":11,"column":38}},"loc":{"start":{"line":11,"column":52},"end":{"line":12,"column":64}},"line":11}},"branchMap":{},"s":{"0":1,"1":1,"2":1,"3":1,"4":1,"5":1,"6":1,"7":2,"8":1,"9":1},"f":{"0":1,"1":1,"2":2},"b":{},"_coverageSchema":"43e27e138ebf9cfc5966b082cf9a028302ed4184","hash":"8cce5b187e722e6d1161cee92070178a71f5e82c"}
}
