{"C:\\Users\\lucas.viana\\Desktop\\JavaScript Workspace\\Receitas\\src\\criarReceita.js": {"path":"C:\\Users\\lucas.viana\\Desktop\\JavaScript Workspace\\Receitas\\src\\criarReceita.js","statementMap":{"0":{"start":{"line":1,"column":26},"end":{"line":8,"column":1}},"1":{"start":{"line":2,"column":4},"end":{"line":7,"column":5}}},"fnMap":{"0":{"name":"(anonymous_0)","decl":{"start":{"line":1,"column":26},"end":{"line":1,"column":27}},"loc":{"start":{"line":1,"column":76},"end":{"line":8,"column":1}},"line":1}},"branchMap":{},"s":{"0":1,"1":5},"f":{"0":5},"b":{},"_coverageSchema":"43e27e138ebf9cfc5966b082cf9a028302ed4184","hash":"7c83f6c38253860d58f0adb7f764fa0be1025c65"}
,"C:\\Users\\lucas.viana\\Desktop\\JavaScript Workspace\\Receitas\\src\\front.js": {"path":"C:\\Users\\lucas.viana\\Desktop\\JavaScript Workspace\\Receitas\\src\\front.js","statementMap":{"0":{"start":{"line":3,"column":27},"end":{"line":19,"column":9}},"1":{"start":{"line":4,"column":24},"end":{"line":4,"column":26}},"2":{"start":{"line":5,"column":30},"end":{"line":5,"column":32}},"3":{"start":{"line":6,"column":4},"end":{"line":16,"column":14}},"4":{"start":{"line":7,"column":8},"end":{"line":7,"column":33}},"5":{"start":{"line":8,"column":8},"end":{"line":9,"column":66}},"6":{"start":{"line":9,"column":12},"end":{"line":9,"column":62}},"7":{"start":{"line":10,"column":8},"end":{"line":15,"column":22}},"8":{"start":{"line":18,"column":12},"end":{"line":18,"column":33}},"9":{"start":{"line":22,"column":22},"end":{"line":22,"column":48}},"10":{"start":{"line":23,"column":24},"end":{"line":23,"column":58}},"11":{"start":{"line":24,"column":27},"end":{"line":24,"column":29}},"12":{"start":{"line":25,"column":4},"end":{"line":29,"column":7}},"13":{"start":{"line":26,"column":8},"end":{"line":28,"column":9}},"14":{"start":{"line":27,"column":12},"end":{"line":27,"column":58}},"15":{"start":{"line":30,"column":4},"end":{"line":30,"column":28}},"16":{"start":{"line":34,"column":4},"end":{"line":34,"column":32}},"17":{"start":{"line":38,"column":4},"end":{"line":38,"column":56}},"18":{"start":{"line":42,"column":22},"end":{"line":42,"column":60}},"19":{"start":{"line":43,"column":15},"end":{"line":43,"column":46}},"20":{"start":{"line":44,"column":4},"end":{"line":44,"column":80}},"21":{"start":{"line":45,"column":4},"end":{"line":45,"column":50}},"22":{"start":{"line":46,"column":4},"end":{"line":46,"column":33}},"23":{"start":{"line":50,"column":4},"end":{"line":50,"column":34}},"24":{"start":{"line":51,"column":4},"end":{"line":51,"column":29}},"25":{"start":{"line":52,"column":4},"end":{"line":52,"column":60}}},"fnMap":{"0":{"name":"(anonymous_0)","decl":{"start":{"line":3,"column":27},"end":{"line":3,"column":28}},"loc":{"start":{"line":3,"column":50},"end":{"line":19,"column":9}},"line":3},"1":{"name":"(anonymous_1)","decl":{"start":{"line":6,"column":48},"end":{"line":6,"column":49}},"loc":{"start":{"line":6,"column":59},"end":{"line":16,"column":13}},"line":6},"2":{"name":"(anonymous_2)","decl":{"start":{"line":8,"column":37},"end":{"line":8,"column":38}},"loc":{"start":{"line":8,"column":52},"end":{"line":9,"column":64}},"line":8},"3":{"name":"getIngredientesInput","decl":{"start":{"line":21,"column":16},"end":{"line":21,"column":36}},"loc":{"start":{"line":21,"column":39},"end":{"line":31,"column":1}},"line":21},"4":{"name":"(anonymous_4)","decl":{"start":{"line":25,"column":26},"end":{"line":25,"column":27}},"loc":{"start":{"line":25,"column":46},"end":{"line":29,"column":5}},"line":25},"5":{"name":"passarFilhosParaArray","decl":{"start":{"line":33,"column":9},"end":{"line":33,"column":30}},"loc":{"start":{"line":33,"column":41},"end":{"line":35,"column":1}},"line":33},"6":{"name":"pegarFilhos","decl":{"start":{"line":37,"column":9},"end":{"line":37,"column":20}},"loc":{"start":{"line":37,"column":31},"end":{"line":39,"column":1}},"line":37},"7":{"name":"createHtmlInput","decl":{"start":{"line":41,"column":16},"end":{"line":41,"column":31}},"loc":{"start":{"line":41,"column":41},"end":{"line":47,"column":1}},"line":41},"8":{"name":"pendurarInput","decl":{"start":{"line":49,"column":16},"end":{"line":49,"column":29}},"loc":{"start":{"line":49,"column":49},"end":{"line":53,"column":1}},"line":49}},"branchMap":{"0":{"loc":{"start":{"line":26,"column":8},"end":{"line":28,"column":9}},"type":"if","locations":[{"start":{"line":26,"column":8},"end":{"line":28,"column":9}},{"start":{"line":26,"column":8},"end":{"line":28,"column":9}}],"line":26}},"s":{"0":1,"1":1,"2":1,"3":1,"4":1,"5":1,"6":2,"7":1,"8":1,"9":0,"10":0,"11":0,"12":0,"13":0,"14":0,"15":0,"16":0,"17":0,"18":0,"19":0,"20":0,"21":0,"22":0,"23":0,"24":0,"25":0},"f":{"0":1,"1":1,"2":2,"3":0,"4":0,"5":0,"6":0,"7":0,"8":0},"b":{"0":[0,0]},"_coverageSchema":"43e27e138ebf9cfc5966b082cf9a028302ed4184","hash":"48d50194c6e95a226215cb7e280d0553b95dc328"}
,"C:\\Users\\lucas.viana\\Desktop\\JavaScript Workspace\\Receitas\\src\\pesquisarReceitas.js": {"path":"C:\\Users\\lucas.viana\\Desktop\\JavaScript Workspace\\Receitas\\src\\pesquisarReceitas.js","statementMap":{"0":{"start":{"line":5,"column":15},"end":{"line":5,"column":17}},"1":{"start":{"line":7,"column":36},"end":{"line":12,"column":1}},"2":{"start":{"line":8,"column":4},"end":{"line":10,"column":7}},"3":{"start":{"line":9,"column":8},"end":{"line":9,"column":83}},"4":{"start":{"line":9,"column":46},"end":{"line":9,"column":81}},"5":{"start":{"line":11,"column":4},"end":{"line":11,"column":20}}},"fnMap":{"0":{"name":"(anonymous_0)","decl":{"start":{"line":7,"column":36},"end":{"line":7,"column":37}},"loc":{"start":{"line":7,"column":64},"end":{"line":12,"column":1}},"line":7},"1":{"name":"(anonymous_1)","decl":{"start":{"line":8,"column":38},"end":{"line":8,"column":39}},"loc":{"start":{"line":8,"column":49},"end":{"line":10,"column":5}},"line":8},"2":{"name":"(anonymous_2)","decl":{"start":{"line":9,"column":38},"end":{"line":9,"column":39}},"loc":{"start":{"line":9,"column":46},"end":{"line":9,"column":81}},"line":9}},"branchMap":{},"s":{"0":1,"1":1,"2":1,"3":5,"4":7,"5":1},"f":{"0":1,"1":5,"2":7},"b":{},"_coverageSchema":"43e27e138ebf9cfc5966b082cf9a028302ed4184","hash":"4f75dba5c286be1dff38f7f8a2fcfe877b3b3343"}
,"C:\\Users\\lucas.viana\\Desktop\\JavaScript Workspace\\Receitas\\src\\receitasProntas.js": {"path":"C:\\Users\\lucas.viana\\Desktop\\JavaScript Workspace\\Receitas\\src\\receitasProntas.js","statementMap":{"0":{"start":{"line":3,"column":29},"end":{"line":7,"column":114}}},"fnMap":{},"branchMap":{},"s":{"0":1},"f":{},"b":{},"_coverageSchema":"43e27e138ebf9cfc5966b082cf9a028302ed4184","hash":"a8f01966621e6b1103945c350853e7503790440f"}
}
