TN:
SF:C:\Users\lucas.viana\Desktop\JavaScript Workspace\Receitas\src\criarReceita.js
FN:1,(anonymous_0)
FNF:1
FNH:1
FNDA:5,(anonymous_0)
DA:1,1
DA:2,5
LF:2
LH:2
BRF:0
BRH:0
end_of_record
TN:
SF:C:\Users\lucas.viana\Desktop\JavaScript Workspace\Receitas\src\front.js
FN:3,(anonymous_0)
FN:6,(anonymous_1)
FN:8,(anonymous_2)
FN:21,getIngredientesInput
FN:25,(anonymous_4)
FN:33,passarFilhosParaArray
FN:37,pegarFilhos
FN:41,createHtmlInput
FN:49,pendurarInput
FNF:9
FNH:3
FNDA:1,(anonymous_0)
FNDA:1,(anonymous_1)
FNDA:2,(anonymous_2)
FNDA:0,getIngredientesInput
FNDA:0,(anonymous_4)
FNDA:0,passarFilhosParaArray
FNDA:0,pegarFilhos
FNDA:0,createHtmlInput
FNDA:0,pendurarInput
DA:3,1
DA:4,1
DA:5,1
DA:6,1
DA:7,1
DA:8,1
DA:9,2
DA:10,1
DA:18,1
DA:22,0
DA:23,0
DA:24,0
DA:25,0
DA:26,0
DA:27,0
DA:30,0
DA:34,0
DA:38,0
DA:42,0
DA:43,0
DA:44,0
DA:45,0
DA:46,0
DA:50,0
DA:51,0
DA:52,0
LF:26
LH:9
BRDA:26,0,0,0
BRDA:26,0,1,0
BRF:2
BRH:0
end_of_record
TN:
SF:C:\Users\lucas.viana\Desktop\JavaScript Workspace\Receitas\src\pesquisarReceitas.js
FN:7,(anonymous_0)
FN:8,(anonymous_1)
FN:9,(anonymous_2)
FNF:3
FNH:3
FNDA:1,(anonymous_0)
FNDA:5,(anonymous_1)
FNDA:7,(anonymous_2)
DA:5,1
DA:7,1
DA:8,1
DA:9,7
DA:11,1
LF:5
LH:5
BRF:0
BRH:0
end_of_record
TN:
SF:C:\Users\lucas.viana\Desktop\JavaScript Workspace\Receitas\src\receitasProntas.js
FNF:0
FNH:0
DA:3,1
LF:1
LH:1
BRF:0
BRH:0
end_of_record
